SSGAUD/SSGAUD/app/build/outputs/logs/manifest-merger-debug-report.txt
-- Merging decision tree log ---
manifest
ADDED from src/main/AndroidManifest.xml:2:1-49:12
	package
		ADDED from src/main/AndroidManifest.xml:3:5-43
		INJECTED from src/main/AndroidManifest.xml
		INJECTED from src/main/AndroidManifest.xml
	android:versionName
		INJECTED from src/main/AndroidManifest.xml
		INJECTED from src/main/AndroidManifest.xml
	xmlns:android
		ADDED from src/main/AndroidManifest.xml:2:11-69
	android:versionCode
		INJECTED from src/main/AndroidManifest.xml
		INJECTED from src/main/AndroidManifest.xml
uses-permission#android.permission.BLUETOOTH
ADDED from src/main/AndroidManifest.xml:5:5-68
	android:name
		ADDED from src/main/AndroidManifest.xml:5:22-65
uses-permission#android.permission.BLUETOOTH_ADMIN
ADDED from src/main/AndroidManifest.xml:6:5-74
	android:name
		ADDED from src/main/AndroidManifest.xml:6:22-71
uses-permission#android.permission.CALL_PHONE
ADDED from src/main/AndroidManifest.xml:7:5-69
	android:name
		ADDED from src/main/AndroidManifest.xml:7:22-66
uses-permission#android.permission.INTERNET
ADDED from src/main/AndroidManifest.xml:8:5-67
MERGED from [com.google.android.gms:play-services-maps:10.2.1] AndroidManifest.xml:20:5-66
	android:name
		ADDED from src/main/AndroidManifest.xml:8:22-64
uses-permission#android.permission.ACCESS_FINE_LOCATION
ADDED from src/main/AndroidManifest.xml:9:5-79
	android:name
		ADDED from src/main/AndroidManifest.xml:9:22-76
uses-permission#android.permission.ACCESS_COARSE_LOCATION
ADDED from src/main/AndroidManifest.xml:10:5-81
	android:name
		ADDED from src/main/AndroidManifest.xml:10:22-78
application
ADDED from src/main/AndroidManifest.xml:12:5-47:19
MERGED from [com.android.support:appcompat-v7:24.2.1] AndroidManifest.xml:25:5-20
MERGED from [com.android.support:animated-vector-drawable:24.2.1] AndroidManifest.xml:22:5-20
MERGED from [com.android.support:support-vector-drawable:24.2.1] AndroidManifest.xml:23:5-20
MERGED from [com.google.android.gms:play-services-maps:10.2.1] AndroidManifest.xml:24:5-19
MERGED from [com.google.android.gms:play-services-base:10.2.1] AndroidManifest.xml:18:5-20:19
MERGED from [com.google.android.gms:play-services-tasks:10.2.1] AndroidManifest.xml:4:5-19
MERGED from [com.google.android.gms:play-services-basement:10.2.1] AndroidManifest.xml:19:5-21:19
MERGED from [com.android.support:support-v4:24.2.1] AndroidManifest.xml:25:5-20
MERGED from [com.android.support:support-fragment:24.2.1] AndroidManifest.xml:25:5-20
MERGED from [com.android.support:support-media-compat:24.2.1] AndroidManifest.xml:25:5-20
MERGED from [com.android.support:support-core-ui:24.2.1] AndroidManifest.xml:25:5-20
MERGED from [com.android.support:support-core-utils:24.2.1] AndroidManifest.xml:25:5-20
MERGED from [com.android.support:support-compat:24.2.1] AndroidManifest.xml:25:5-20
MERGED from [com.android.support.constraint:constraint-layout:1.0.0-alpha8] AndroidManifest.xml:9:5-20
	android:label
		ADDED from src/main/AndroidManifest.xml:15:9-41
	android:supportsRtl
		ADDED from src/main/AndroidManifest.xml:16:9-35
	android:allowBackup
		ADDED from src/main/AndroidManifest.xml:13:9-35
	android:icon
		ADDED from src/main/AndroidManifest.xml:14:9-43
	android:theme
		ADDED from src/main/AndroidManifest.xml:17:9-40
activity#com.example.snehauike.ssgaud.MainActivity
ADDED from src/main/AndroidManifest.xml:18:9-24:20
	android:name
		ADDED from src/main/AndroidManifest.xml:18:19-47
intent-filter#android.intent.action.MAIN+android.intent.category.LAUNCHER
ADDED from src/main/AndroidManifest.xml:19:13-23:29
action#android.intent.action.MAIN
ADDED from src/main/AndroidManifest.xml:20:17-69
	android:name
		ADDED from src/main/AndroidManifest.xml:20:25-66
category#android.intent.category.LAUNCHER
ADDED from src/main/AndroidManifest.xml:22:17-77
	android:name
		ADDED from src/main/AndroidManifest.xml:22:27-74
activity#com.example.snehauike.ssgaud.RegisterActivity
ADDED from src/main/AndroidManifest.xml:25:9-54
	android:name
		ADDED from src/main/AndroidManifest.xml:25:19-51
activity#com.example.snehauike.ssgaud.LocationActivity
ADDED from src/main/AndroidManifest.xml:26:9-54
	android:name
		ADDED from src/main/AndroidManifest.xml:26:19-51
activity#com.example.snehauike.ssgaud.ForgotPasswordActivity
ADDED from src/main/AndroidManifest.xml:27:9-60
	android:name
		ADDED from src/main/AndroidManifest.xml:27:19-57
activity#com.example.snehauike.ssgaud.DroidTimeActivity
ADDED from src/main/AndroidManifest.xml:28:9-55
	android:name
		ADDED from src/main/AndroidManifest.xml:28:19-52
meta-data#com.google.android.geo.API_KEY
ADDED from src/main/AndroidManifest.xml:37:9-39:55
	android:value
		ADDED from src/main/AndroidManifest.xml:39:13-52
	android:name
		ADDED from src/main/AndroidManifest.xml:38:13-58
activity#com.example.snehauike.ssgaud.MapsActivity
ADDED from src/main/AndroidManifest.xml:41:9-43:59
	android:label
		ADDED from src/main/AndroidManifest.xml:43:13-56
	android:name
		ADDED from src/main/AndroidManifest.xml:42:13-41
activity#com.example.snehauike.ssgaud.Bluetooth
ADDED from src/main/AndroidManifest.xml:44:9-47
	android:name
		ADDED from src/main/AndroidManifest.xml:44:19-44
activity#com.example.snehauike.ssgaud.StressActivity
ADDED from src/main/AndroidManifest.xml:45:9-52
	android:name
		ADDED from src/main/AndroidManifest.xml:45:19-49
activity#com.example.snehauike.ssgaud.ClientBluetooth
ADDED from src/main/AndroidManifest.xml:46:9-62
	android:name
		ADDED from src/main/AndroidManifest.xml:46:19-50
uses-sdk
INJECTED from src/main/AndroidManifest.xml reason: use-sdk injection requested
MERGED from [com.android.support:appcompat-v7:24.2.1] AndroidManifest.xml:21:5-23:78
MERGED from [com.android.support:animated-vector-drawable:24.2.1] AndroidManifest.xml:20:5-44
MERGED from [com.android.support:support-vector-drawable:24.2.1] AndroidManifest.xml:21:5-43
MERGED from [com.google.android.gms:play-services-maps:10.2.1] AndroidManifest.xml:23:5-43
MERGED from [com.google.android.gms:play-services-base:10.2.1] AndroidManifest.xml:17:5-43
MERGED from [com.google.android.gms:play-services-tasks:10.2.1] AndroidManifest.xml:3:5-43
MERGED from [com.google.android.gms:play-services-basement:10.2.1] AndroidManifest.xml:17:5-43
MERGED from [com.android.support:support-v4:24.2.1] AndroidManifest.xml:21:5-23:54
MERGED from [com.android.support:support-fragment:24.2.1] AndroidManifest.xml:21:5-23:60
MERGED from [com.android.support:support-media-compat:24.2.1] AndroidManifest.xml:21:5-23:63
MERGED from [com.android.support:support-core-ui:24.2.1] AndroidManifest.xml:21:5-23:58
MERGED from [com.android.support:support-core-utils:24.2.1] AndroidManifest.xml:21:5-23:61
MERGED from [com.android.support:support-compat:24.2.1] AndroidManifest.xml:21:5-23:58
MERGED from [com.android.support.constraint:constraint-layout:1.0.0-alpha8] AndroidManifest.xml:5:5-7:41
	tools:overrideLibrary
		ADDED from [com.android.support:appcompat-v7:24.2.1] AndroidManifest.xml:23:9-75
	android:targetSdkVersion
		INJECTED from src/main/AndroidManifest.xml
		INJECTED from src/main/AndroidManifest.xml
	android:minSdkVersion
		INJECTED from src/main/AndroidManifest.xml
		INJECTED from src/main/AndroidManifest.xml
uses-permission#android.permission.ACCESS_NETWORK_STATE
ADDED from [com.google.android.gms:play-services-maps:10.2.1] AndroidManifest.xml:19:5-78
	android:name
		ADDED from [com.google.android.gms:play-services-maps:10.2.1] AndroidManifest.xml:19:22-76
uses-feature#0x00020000
ADDED from [com.google.android.gms:play-services-maps:10.2.1] AndroidManifest.xml:21:5-77
	android:glEsVersion
		ADDED from [com.google.android.gms:play-services-maps:10.2.1] AndroidManifest.xml:21:19-51
	android:required
		ADDED from [com.google.android.gms:play-services-maps:10.2.1] AndroidManifest.xml:21:52-75
activity#com.google.android.gms.common.api.GoogleApiActivity
ADDED from [com.google.android.gms:play-services-base:10.2.1] AndroidManifest.xml:19:9-172
	android:exported
		ADDED from [com.google.android.gms:play-services-base:10.2.1] AndroidManifest.xml:19:146-170
	android:theme
		ADDED from [com.google.android.gms:play-services-base:10.2.1] AndroidManifest.xml:19:86-145
	android:name
		ADDED from [com.google.android.gms:play-services-base:10.2.1] AndroidManifest.xml:19:19-85
meta-data#com.google.android.gms.version
ADDED from [com.google.android.gms:play-services-basement:10.2.1] AndroidManifest.xml:20:9-121
	android:value
		ADDED from [com.google.android.gms:play-services-basement:10.2.1] AndroidManifest.xml:20:66-119
	android:name
		ADDED from [com.google.android.gms:play-services-basement:10.2.1] AndroidManifest.xml:20:20-65